<?xml version="1.0" encoding="UTF-8"?>
<!-- Generated by org.testng.reporters.JUnitXMLReporter -->
<testsuite ignored="8" hostname="DESKTOP-ID05AMG" failures="1" tests="3" name="SmokeTest" time="0.362" errors="0" timestamp="2024-06-23T01:51:00 IST">
  <testcase classname="HomeLoan.Test2" name="criteria2" time="0.0">
    <failure type="org.testng.TestNGException" message="
Cannot inject @Test annotated Method [criteria2] with [class java.lang.String, class java.lang.String].
For more information on native dependency injection please refer to https://testng.org/doc/documentation-main.html#native-dependency-injection">
      <![CDATA[org.testng.TestNGException: 
Cannot inject @Test annotated Method [criteria2] with [class java.lang.String, class java.lang.String].
For more information on native dependency injection please refer to https://testng.org/doc/documentation-main.html#native-dependency-injection
at java.base/java.util.ArrayList.forEach(ArrayList.java:1541)
... Removed 26 stack frames]]>
    </failure>
  </testcase> <!-- criteria2 -->
  <testcase classname="HomeLoan.Test1" name="MobileLogout" time="0.016"/>
  <testcase classname="PersonalLoan.Test1" name="RestApitestCase" time="0.0"/>
  <testcase classname="PersonalLoan.Test1" name="EligibilityCriteria" time="0.0">
    <ignored/>
  </testcase> <!-- EligibilityCriteria -->
  <testcase classname="HomeLoan.Test1" name="RestApitestCase" time="0.0">
    <ignored/>
  </testcase> <!-- RestApitestCase -->
  <testcase classname="HomeLoan.Test1" name="MobileLogin" time="0.0">
    <ignored/>
  </testcase> <!-- MobileLogin -->
  <testcase classname="HomeLoan.Test1" name="MobileTestCase" time="0.0">
    <ignored/>
  </testcase> <!-- MobileTestCase -->
  <testcase classname="PersonalLoan.Test1" name="MobileTestCase" time="0.0">
    <ignored/>
  </testcase> <!-- MobileTestCase -->
  <testcase classname="HomeLoan.Test1" name="EligibilityCriteria" time="0.0">
    <ignored/>
  </testcase> <!-- EligibilityCriteria -->
  <testcase classname="HomeLoan.Test2" name="acriteria3" time="0.0">
    <ignored/>
  </testcase> <!-- acriteria3 -->
  <testcase classname="HomeLoan.Test2" name="criteria1" time="0.0">
    <ignored/>
  </testcase> <!-- criteria1 -->
</testsuite> <!-- SmokeTest -->
